build/outputs/mapping/release/seeds.txt
com.example.root.myapplication.Busqueda_wifi
com.example.root.myapplication.Busqueda_wifi: Busqueda_wifi()
com.example.root.myapplication.Configurar_Wifi
com.example.root.myapplication.Configurar_Wifi: Configurar_Wifi()
com.example.root.myapplication.Configurar_Wifi: void enviarOnCLick(android.view.View)
com.example.root.myapplication.DialogoSeleccion$1: void onClick(android.content.DialogInterface,int)
com.example.root.myapplication.MainActivity
com.example.root.myapplication.MainActivity: MainActivity()
com.example.root.myapplication.MainActivity: void botonEvaluar(android.view.View)
com.example.root.myapplication.MainActivity: void botonMenu(android.view.View)
com.example.root.myapplication.Menu
com.example.root.myapplication.Menu: Menu()
com.example.root.myapplication.MiServiceIntent
com.example.root.myapplication.MiServiceIntent: MiServiceIntent()
com.example.root.myapplication.NetworkType: com.example.root.myapplication.NetworkType[] values()
com.example.root.myapplication.NetworkType: com.example.root.myapplication.NetworkType valueOf(java.lang.String)
com.example.root.myapplication.R$anim: int abc_fade_in
com.example.root.myapplication.R$anim: int abc_fade_out
com.example.root.myapplication.R$anim: int abc_grow_fade_in_from_bottom
com.example.root.myapplication.R$anim: int abc_popup_enter
com.example.root.myapplication.R$anim: int abc_popup_exit
com.example.root.myapplication.R$anim: int abc_shrink_fade_out_from_bottom
com.example.root.myapplication.R$anim: int abc_slide_in_bottom
com.example.root.myapplication.R$anim: int abc_slide_in_top
com.example.root.myapplication.R$anim: int abc_slide_out_bottom
com.example.root.myapplication.R$anim: int abc_slide_out_top
com.example.root.myapplication.R$anim: int fab_in
com.example.root.myapplication.R$anim: int fab_out
com.example.root.myapplication.R$anim: int snackbar_in
com.example.root.myapplication.R$anim: int snackbar_out
com.example.root.myapplication.R$attr: int actionBarDivider
com.example.root.myapplication.R$attr: int actionBarItemBackground
com.example.root.myapplication.R$attr: int actionBarPopupTheme
com.example.root.myapplication.R$attr: int actionBarSize
com.example.root.myapplication.R$attr: int actionBarSplitStyle
com.example.root.myapplication.R$attr: int actionBarStyle
com.example.root.myapplication.R$attr: int actionBarTabBarStyle
com.example.root.myapplication.R$attr: int actionBarTabStyle
com.example.root.myapplication.R$attr: int actionBarTabTextStyle
com.example.root.myapplication.R$attr: int actionBarTheme
com.example.root.myapplication.R$attr: int actionBarWidgetTheme
com.example.root.myapplication.R$attr: int actionButtonStyle
com.example.root.myapplication.R$attr: int actionDropDownStyle
com.example.root.myapplication.R$attr: int actionLayout
com.example.root.myapplication.R$attr: int actionMenuTextAppearance
com.example.root.myapplication.R$attr: int actionMenuTextColor
com.example.root.myapplication.R$attr: int actionModeBackground
com.example.root.myapplication.R$attr: int actionModeCloseButtonStyle
com.example.root.myapplication.R$attr: int actionModeCloseDrawable
com.example.root.myapplication.R$attr: int actionModeCopyDrawable
com.example.root.myapplication.R$attr: int actionModeCutDrawable
com.example.root.myapplication.R$attr: int actionModeFindDrawable
com.example.root.myapplication.R$attr: int actionModePasteDrawable
com.example.root.myapplication.R$bool: int abc_action_bar_embed_tabs
com.example.root.myapplication.R$bool: int abc_action_bar_embed_tabs_pre_jb
com.example.root.myapplication.R$bool: int abc_action_bar_expanded_action_views_exclusive
com.example.root.myapplication.R$bool: int abc_config_actionMenuItemAllCaps
com.example.root.myapplication.R$bool: int abc_config_allowActionMenuItemTextWithIcon
com.example.root.myapplication.R$bool: int abc_config_closeDialogWhenTouchOutside
com.example.root.myapplication.R$bool: int abc_config_showMenuShortcutsWhenKeyboardPresent
...
android.support.v4.view.PagerTabStrip$1: void onClick(android.view.View)
android.support.v4.view.PagerTabStrip$2: void onClick(android.view.View)
android.support.v4.view.PagerTitleStrip: void setSingleLineAllCaps(android.widget.TextView)
android.support.v4.view.PagerTitleStrip: void setTextSpacing(int)
android.support.v4.view.PagerTitleStrip: int getTextSpacing()
android.support.v4.view.PagerTitleStrip: void setNonPrimaryAlpha(float)
android.support.v4.view.PagerTitleStrip: void setTextColor(int)
android.support.v4.view.PagerTitleStrip: void setGravity(int)
android.support.v4.view.PagerTitleStrip: int getMinHeight()
android.support.v4.view.ViewPager: void setScrollState(int)
android.support.v4.view.ViewPager: void setAdapter(android.support.v4.view.PagerAdapter)
android.support.v4.view.ViewPager: android.support.v4.view.PagerAdapter getAdapter()
android.support.v4.view.ViewPager: void setOnAdapterChangeListener(android.support.v4.view.ViewPager$OnAdapterChangeListener)
android.support.v4.view.ViewPager: int getClientWidth()
android.support.v4.view.ViewPager: void setCurrentItem(int)
android.support.v4.view.ViewPager: int getCurrentItem()
android.support.v4.view.ViewPager: void setOnPageChangeListener(android.support.v4.view.ViewPager$OnPageChangeListener)
android.support.v4.view.ViewPager: void setChildrenDrawingOrderEnabledCompat(boolean)
android.support.v4.view.ViewPager: int getOffscreenPageLimit()
android.support.v4.view.ViewPager: void setOffscreenPageLimit(int)
android.support.v4.view.ViewPager: void setPageMargin(int)
android.support.v4.view.ViewPager: int getPageMargin()
android.support.v4.view.ViewPager: void setPageMarginDrawable(android.graphics.drawable.Drawable)
android.support.v4.view.ViewPager: void setPageMarginDrawable(int)
android.support.v4.view.ViewPager: void setScrollingCacheEnabled(boolean)
android.support.v4.view.ViewPager$SavedState: android.os.Parcelable$Creator CREATOR
android.support.v4.widget.DrawerLayout
android.support.v4.widget.DrawerLayout: DrawerLayout(android.content.Context)
android.support.v4.widget.DrawerLayout: DrawerLayout(android.content.Context,android.util.AttributeSet)
android.support.v4.widget.DrawerLayout: DrawerLayout(android.content.Context,android.util.AttributeSet,int)
android.support.v4.widget.DrawerLayout: void setScrimColor(int)
android.support.v4.widget.DrawerLayout: void setDrawerListener(android.support.v4.widget.DrawerLayout$DrawerListener)
android.support.v4.widget.DrawerLayout: void setDrawerLockMode(int)
android.support.v4.widget.DrawerLayout: void setStatusBarBackground(android.graphics.drawable.Drawable)
android.support.v4.widget.DrawerLayout: android.graphics.drawable.Drawable getStatusBarBackgroundDrawable()
android.support.v4.widget.DrawerLayout: void setStatusBarBackground(int)
android.support.v4.widget.DrawerLayout: void setStatusBarBackgroundColor(int)
android.support.v4.widget.DrawerLayout$SavedState: android.os.Parcelable$Creator CREATOR
android.support.v4.widget.NestedScrollView: void setNestedScrollingEnabled(boolean)
android.support.v4.widget.NestedScrollView: int getNestedScrollAxes()
android.support.v4.widget.NestedScrollView: float getTopFadingEdgeStrength()
android.support.v4.widget.NestedScrollView: float getBottomFadingEdgeStrength()
android.support.v4.widget.NestedScrollView: int getMaxScrollAmount()
android.support.v4.widget.NestedScrollView: void setFillViewport(boolean)
android.support.v4.widget.NestedScrollView: void setSmoothScrollingEnabled(boolean)
android.support.v4.widget.NestedScrollView: float getVerticalScrollFactorCompat()
android.support.v4.widget.NestedScrollView: int getScrollRange()
android.support.v4.widget.NestedScrollView$SavedState: android.os.Parcelable$Creator CREATOR