build/outputs/mapping/release/mapping.txt
com.example.root.myapplication.BluetoothDeviceArrayAdapter -> com.example.root.myapplication.a:
    java.util.List deviceList -> a
    android.content.Context context -> b
    void <init>(android.content.Context,int,java.util.List) -> <init>
    int getCount() -> getCount
    java.lang.Object getItem(int) -> getItem
    android.view.View getView(int,android.view.View,android.view.ViewGroup) -> getView
com.example.root.myapplication.BluetoothService -> com.example.root.myapplication.b:
    android.os.Handler handler -> c
    android.content.Context context -> d
    android.bluetooth.BluetoothAdapter bAdapter -> e
    java.util.UUID UUID_SEGURO -> a
    java.util.UUID UUID_INSEGURO -> b
    int estado -> f
    com.example.root.myapplication.BluetoothService$HiloServidor hiloServidor -> g
    com.example.root.myapplication.BluetoothService$HiloCliente hiloCliente -> h
    com.example.root.myapplication.BluetoothService$HiloConexion hiloConexion -> i
    void <init>(android.content.Context,android.os.Handler,android.bluetooth.BluetoothAdapter) -> <init>
    void setEstado(int) -> a
    int getEstado() -> a
    java.lang.String getNombreDispositivo() -> b
    void iniciarServicio() -> c
    void finalizarServicio() -> d
    void solicitarConexion(android.bluetooth.BluetoothDevice) -> a
    void realizarConexion(android.bluetooth.BluetoothSocket,android.bluetooth.BluetoothDevice) -> a
    void debug(java.lang.String,java.lang.String) -> a
    java.util.UUID generarUUID() -> e
    android.bluetooth.BluetoothAdapter access$000(com.example.root.myapplication.BluetoothService) -> a
    void access$100(com.example.root.myapplication.BluetoothService,int) -> a
    int access$200(com.example.root.myapplication.BluetoothService) -> b
com.example.root.myapplication.BluetoothService$HiloCliente -> com.example.root.myapplication.c:
    android.bluetooth.BluetoothDevice dispositivo -> b
    android.bluetooth.BluetoothSocket socket -> c
    com.example.root.myapplication.BluetoothService this$0 -> a
    void <init>(com.example.root.myapplication.BluetoothService,android.bluetooth.BluetoothDevice) -> <init>
    void run() -> run
    void cancelarConexion() -> a
com.example.root.myapplication.BluetoothService$HiloConexion -> com.example.root.myapplication.d:
    android.bluetooth.BluetoothSocket socket -> b
    java.io.InputStream inputStream -> c
    java.io.OutputStream outputStream -> d
    com.example.root.myapplication.BluetoothService this$0 -> a
    void <init>(com.example.root.myapplication.BluetoothService,android.bluetooth.BluetoothSocket) -> <init>
    void run() -> run
    void cancelarConexion() -> a
com.example.root.myapplication.BluetoothService$HiloServidor -> com.example.root.myapplication.e:
    android.bluetooth.BluetoothServerSocket serverSocket -> b
    com.example.root.myapplication.BluetoothService this$0 -> a
    void <init>(com.example.root.myapplication.BluetoothService) -> <init>
    void run() -> run
    void cancelarConexion() -> a
com.example.root.myapplication.Busqueda_wifi -> com.example.root.myapplication.Busqueda_wifi:
    android.widget.ListView lv -> a
    android.net.wifi.WifiManager wifi -> b
    java.lang.String[] wifis -> c
    com.example.root.myapplication.Busqueda_wifi$WifiScanReceiver wifiReciever -> d
    void <init>() -> <init>
    void onCreate(android.os.Bundle) -> onCreate
    void onPause() -> onPause
    void onResume() -> onResume
    boolean onCreateOptionsMenu(android.view.Menu) -> onCreateOptionsMenu
    boolean onOptionsItemSelected(android.view.MenuItem) -> onOptionsItemSelected
com.example.root.myapplication.Busqueda_wifi$1 -> com.example.root.myapplication.f:
    com.example.root.myapplication.Busqueda_wifi this$0 -> a
    void <init>(com.example.root.myapplication.Busqueda_wifi) -> <init>
    void onItemClick(android.widget.AdapterView,android.view.View,int,long) -> onItemClick
...
android.support.v7.internal.widget.ToolbarWidgetWrapper$3 -> android.support.v7.internal.widget.bo:
    android.support.v7.internal.widget.ToolbarWidgetWrapper this$0 -> a
    void <init>(android.support.v7.internal.widget.ToolbarWidgetWrapper) -> <init>
    void onAnimationStart(android.view.View) -> a
android.support.v7.internal.widget.ViewStubCompat -> android.support.v7.internal.widget.ViewStubCompat:
    int mLayoutResource -> a
    int mInflatedId -> b
    java.lang.ref.WeakReference mInflatedViewRef -> c
    android.view.LayoutInflater mInflater -> d
    android.support.v7.internal.widget.ViewStubCompat$OnInflateListener mInflateListener -> e
    void <init>(android.content.Context,android.util.AttributeSet) -> <init>
    void <init>(android.content.Context,android.util.AttributeSet,int) -> <init>
    int getInflatedId() -> getInflatedId
    void setInflatedId(int) -> setInflatedId
    int getLayoutResource() -> getLayoutResource
    void setLayoutResource(int) -> setLayoutResource
    void setLayoutInflater(android.view.LayoutInflater) -> setLayoutInflater
    android.view.LayoutInflater getLayoutInflater() -> getLayoutInflater
    void onMeasure(int,int) -> onMeasure
    void draw(android.graphics.Canvas) -> draw
    void dispatchDraw(android.graphics.Canvas) -> dispatchDraw
    void setVisibility(int) -> setVisibility
    android.view.View inflate() -> a
    void setOnInflateListener(android.support.v7.internal.widget.ViewStubCompat$OnInflateListener) -> setOnInflateListener
android.support.v7.internal.widget.ViewStubCompat$OnInflateListener -> android.support.v7.internal.widget.bp:
    void onInflate(android.support.v7.internal.widget.ViewStubCompat,android.view.View) -> a
android.support.v7.internal.widget.ViewUtils -> android.support.v7.internal.widget.bq:
    java.lang.reflect.Method sComputeFitSystemWindowsMethod -> a
    boolean isLayoutRtl(android.view.View) -> a
    int combineMeasuredStates(int,int) -> a
    void computeFitSystemWindows(android.view.View,android.graphics.Rect,android.graphics.Rect) -> a
    void makeOptionalFitsSystemWindows(android.view.View) -> b
    void <clinit>() -> <clinit>
android.support.v7.view.ActionMode -> android.support.v7.d.a:
    java.lang.Object mTag -> a
    boolean mTitleOptionalHint -> b
    void <init>() -> <init>
    void setTag(java.lang.Object) -> a
    java.lang.Object getTag() -> j
    void setTitle(java.lang.CharSequence) -> b
    void setTitle(int) -> a
    void setSubtitle(java.lang.CharSequence) -> a
    void setSubtitle(int) -> b
    void setTitleOptionalHint(boolean) -> a
    boolean getTitleOptionalHint() -> k
    boolean isTitleOptional() -> h
    void setCustomView(android.view.View) -> a
    void invalidate() -> d
    void finish() -> c
    android.view.Menu getMenu() -> b
    java.lang.CharSequence getTitle() -> f
    java.lang.CharSequence getSubtitle() -> g
    android.view.View getCustomView() -> i
    android.view.MenuInflater getMenuInflater() -> a
android.support.v7.view.ActionMode$Callback -> android.support.v7.d.b:
    boolean onCreateActionMode(android.support.v7.view.ActionMode,android.view.Menu) -> a
    boolean onPrepareActionMode(android.support.v7.view.ActionMode,android.view.Menu) -> b
    boolean onActionItemClicked(android.support.v7.view.ActionMode,android.view.MenuItem) -> a
    void onDestroyActionMode(android.support.v7.view.ActionMode) -> a
android.support.v7.view.CollapsibleActionView -> android.support.v7.d.c:
    void onActionViewExpanded() -> a
    void onActionViewCollapsed() -> b