build/outputs/mapping/release/usage.txt
com.example.root.myapplication.BluetoothService:
    private static final java.lang.String TAG
    private static final boolean DEBUG_MODE
    public static final java.lang.String NOMBRE_SEGURO
    public static final java.lang.String NOMBRE_INSEGURO
    public static final int ESTADO_NINGUNO
    public static final int ESTADO_CONECTADO
    public static final int ESTADO_REALIZANDO_CONEXION
    public static final int ESTADO_ATENDIENDO_PETICIONES
    public static final int MSG_CAMBIO_ESTADO
    public static final int MSG_LEER
    public static final int MSG_ESCRIBIR
    public static final int MSG_ATENDER_PETICIONES
    public static final int MSG_ALERTA
    199:210:public int enviar(byte[])
com.example.root.myapplication.BluetoothService$HiloConexion:
    442:455:public void escribir(byte[])
com.example.root.myapplication.BuildConfig
com.example.root.myapplication.Busqueda_wifi:
    private static final java.lang.String TAG
    109:123:boolean scanWifi(android.net.wifi.WifiManager,java.lang.String)
    128:146:void changeNetworkWPA(android.net.wifi.WifiManager,java.lang.String,java.lang.String)
com.example.root.myapplication.Configurar_Wifi:
    java.lang.String tipo
com.example.root.myapplication.DialogoSeleccion
com.example.root.myapplication.DialogoSeleccion$1
com.example.root.myapplication.HiloCliente:
    private final android.bluetooth.BluetoothDevice dispositivo
    public static java.util.UUID UUID_SEGURO
    private final android.bluetooth.BluetoothAdapter bAdapter
    25:43:public HiloCliente(android.bluetooth.BluetoothDevice)
    48:70:public void run()
    75:75:private java.lang.String procesarPeticion(java.lang.String)
    82:89:public void cancelarConexion()
com.example.root.myapplication.Menu:
    public com.example.root.myapplication.HiloCliente hc
    83:84:public boolean onCreateOptionsMenu(com.example.root.myapplication.Menu)
com.example.root.myapplication.MiServiceIntent:
    public static final java.lang.String INTENTSERVICE
com.example.root.myapplication.NetworkType
com.example.root.myapplication.R
com.example.root.myapplication.R$anim
com.example.root.myapplication.R$attr
com.example.root.myapplication.R$bool
com.example.root.myapplication.R$color
com.example.root.myapplication.R$dimen
com.example.root.myapplication.R$drawable
com.example.root.myapplication.R$id
com.example.root.myapplication.R$integer
com.example.root.myapplication.R$layout
com.example.root.myapplication.R$menu
com.example.root.myapplication.R$mipmap
com.example.root.myapplication.R$raw
com.example.root.myapplication.R$string
com.example.root.myapplication.R$style
com.example.root.myapplication.R$styleable
com.example.root.myapplication.Reproductor:
    private android.widget.ImageButton bStop
    private android.widget.TextView logTextView
com.example.root.myapplication.Reproductor$3
com.example.root.myapplication.Sesion:
    26:34:public Sesion(java.lang.String,java.util.Date,boolean,boolean,boolean,java.lang.String[],java.util.List)
    84:85:public void setId(java.lang.String)
    92:93:public void setFecha(java.util.Date)
    96:96:public boolean isVideo()
    100:101:public void setVideo(boolean)
    104:104:public boolean isRegistro()
    108:109:public void setRegistro(boolean)
    112:112:public boolean isAlerta()
    116:117:public void setAlerta(boolean)
    120:120:public java.lang.String[] getContador()
    124:125:public void setContador(java.lang.String[])
    132:133:public void setEvento(java.util.List)
...
android.support.v7.app.AppCompatDelegateImplV7$PanelFeatureState$SavedState
android.support.v7.app.AppCompatDelegateImplV7$PanelFeatureState$SavedState$1
android.support.v7.app.AppCompatDialog:
    38:39:public AppCompatDialog(android.content.Context)
    53:54:protected AppCompatDialog(android.content.Context,boolean,android.content.DialogInterface$OnCancelListener)
    71:71:public android.support.v7.app.ActionBar getSupportActionBar()
android.support.v7.app.DrawerArrowDrawable:
    193:193:public float getProgress()
android.support.v7.app.NotificationCompat
android.support.v7.app.NotificationCompat$1
android.support.v7.app.NotificationCompat$Builder
android.support.v7.app.NotificationCompat$IceCreamSandwichExtender
android.support.v7.app.NotificationCompat$JellybeanExtender
android.support.v7.app.NotificationCompat$LollipopExtender
android.support.v7.app.NotificationCompat$MediaStyle
android.support.v7.appcompat.BuildConfig
android.support.v7.appcompat.R:
    9:885:public R()
android.support.v7.appcompat.R$anim
android.support.v7.appcompat.R$attr:
    22:22:public R$attr()
android.support.v7.appcompat.R$bool:
    225:225:public R$bool()
android.support.v7.appcompat.R$color:
    234:234:public R$color()
android.support.v7.appcompat.R$dimen:
    298:298:public R$dimen()
android.support.v7.appcompat.R$drawable:
    369:369:public R$drawable()
android.support.v7.appcompat.R$id:
    431:431:public R$id()
android.support.v7.appcompat.R$integer:
    525:525:public R$integer()
android.support.v7.appcompat.R$layout:
    532:532:public R$layout()
android.support.v7.appcompat.R$string:
    571:571:public R$string()
android.support.v7.appcompat.R$style:
    591:591:public R$style()
android.support.v7.appcompat.R$styleable:
    885:885:public R$styleable()
android.support.v7.graphics.drawable.DrawableWrapper:
    211:211:public android.graphics.drawable.Drawable getWrappedDrawable()
android.support.v7.internal.VersionUtils:
    10:10:private VersionUtils()
android.support.v7.internal.app.AppCompatViewInflater:
    private static final java.lang.String LOG_TAG
android.support.v7.internal.app.NavItemSelectedListener
android.support.v7.internal.app.NotificationCompatImpl21
android.support.v7.internal.app.NotificationCompatImplBase
android.support.v7.internal.app.ToolbarActionBar:
    90:91:public void setCustomView(android.view.View)
    95:97:public void setCustomView(android.view.View,android.support.v7.app.ActionBar$LayoutParams)
    101:103:public void setCustomView(int)
    107:108:public void setIcon(int)
    112:113:public void setIcon(android.graphics.drawable.Drawable)
    117:118:public void setLogo(int)
    122:123:public void setLogo(android.graphics.drawable.Drawable)
    128:128:public void setStackedBackgroundDrawable(android.graphics.drawable.Drawable)
    133:133:public void setSplitBackgroundDrawable(android.graphics.drawable.Drawable)
    147:147:public float getElevation()
    157:157:public boolean isTitleTruncated()
    167:168:public void setHomeAsUpIndicator(int)
    172:173:public void setHomeActionContentDescription(java.lang.CharSequence)
    197:198:public void setListNavigationCallbacks(android.widget.SpinnerAdapter,android.support.v7.app.ActionBar$OnNavigationListener)
    202:210:public void setSelectedNavigationItem(int)
    214:214:public int getSelectedNavigationIndex()
    219:219:public int getNavigationItemCount()
    224:225:public void setTitle(java.lang.CharSequence)
    229:230:public void setTitle(int)
    239:240:public void setSubtitle(java.lang.CharSequence)
    244:245:public void setSubtitle(int)
    249:250:public void setDisplayOptions(int)
    254:256:public void setDisplayOptions(int,int)
    260:261:public void setDisplayUseLogoEnabled(boolean)